<?xml version="1.0" encoding="UTF-8"?>
<testsuite name="BandTest" tests="6" skipped="0" failures="0" errors="0" timestamp="2016-05-13T17:37:19" hostname="Liams-MacBook-Air.local" time="0.662">
  <properties/>
  <testcase name="Band_instantiates_Correctly" classname="BandTest" time="0.337"/>
  <testcase name="Band_allReturnsAllBands" classname="BandTest" time="0.145"/>
  <testcase name="Band_savesToDatabase" classname="BandTest" time="0.038"/>
  <testcase name="Band_getNameReturnsName" classname="BandTest" time="0.041"/>
  <testcase name="save_assignsIdToObject" classname="BandTest" time="0.04"/>
  <testcase name="Band_findReturnsBand" classname="BandTest" time="0.06"/>
  <system-out><![CDATA[]]></system-out>
  <system-err><![CDATA[]]></system-err>
</testsuite>
