<?xml version="1.0" encoding="UTF-8"?>
<testsuite name="VenueTest" tests="8" skipped="0" failures="0" errors="0" timestamp="2016-05-18T04:15:22" hostname="Liams-Air.hsd1.or.comcast.net" time="0.329">
  <properties/>
  <testcase name="addBands_addBandsToVenues" classname="VenueTest" time="0.073"/>
  <testcase name="save_addsToDatabase" classname="VenueTest" time="0.034"/>
  <testcase name="Venue_instantiates_Correctly" classname="VenueTest" time="0.012"/>
  <testcase name="all_returnsAllVenues" classname="VenueTest" time="0.044"/>
  <testcase name="save_assignsIdToObject" classname="VenueTest" time="0.032"/>
  <testcase name="find_returnsVenue" classname="VenueTest" time="0.032"/>
  <testcase name="getName_returnsName" classname="VenueTest" time="0.034"/>
  <testcase name="getVenues_returnsAllVenues_List" classname="VenueTest" time="0.064"/>
  <system-out><![CDATA[]]></system-out>
  <system-err><![CDATA[]]></system-err>
</testsuite>
