<?xml version="1.0" encoding="UTF-8"?>
<testsuite name="BandTest" tests="10" skipped="0" failures="0" errors="0" timestamp="2016-05-18T02:40:45" hostname="Liams-Air.hsd1.or.comcast.net" time="0.403">
  <properties/>
  <testcase name="equals_returnsTrueIfDescriptionsAretheSame" classname="BandTest" time="0.011"/>
  <testcase name="all_returnsAllBands" classname="BandTest" time="0.048"/>
  <testcase name="Band_instantiates_Correctly" classname="BandTest" time="0.01"/>
  <testcase name="addVenues_addVenuestoBand" classname="BandTest" time="0.062"/>
  <testcase name="save_addsToDatabase" classname="BandTest" time="0.032"/>
  <testcase name="delete_deletesAllTasksAndCategoriesAssociations" classname="BandTest" time="0.074"/>
  <testcase name="save_assignsIdToObject" classname="BandTest" time="0.031"/>
  <testcase name="getName_returnsName" classname="BandTest" time="0.038"/>
  <testcase name="find_returnsBand" classname="BandTest" time="0.032"/>
  <testcase name="getVenues_returnsAllVenues_List" classname="BandTest" time="0.06"/>
  <system-out><![CDATA[]]></system-out>
  <system-err><![CDATA[]]></system-err>
</testsuite>
