<?xml version="1.0" encoding="UTF-8"?>
<testsuite name="BandTest" tests="11" skipped="0" failures="0" errors="0" timestamp="2016-05-19T17:35:11" hostname="Liams-MacBook-Air.local" time="0.5">
  <properties/>
  <testcase name="equals_returnsTrueIfDescriptionsAretheSame" classname="BandTest" time="0.012"/>
  <testcase name="all_returnsAllBands" classname="BandTest" time="0.054"/>
  <testcase name="Band_instantiates_Correctly" classname="BandTest" time="0.01"/>
  <testcase name="addVenues_addVenuestoBand" classname="BandTest" time="0.081"/>
  <testcase name="save_addsToDatabase" classname="BandTest" time="0.033"/>
  <testcase name="delete_deletesAllTasksAndCategoriesAssociations" classname="BandTest" time="0.09"/>
  <testcase name="save_assignsIdToObject" classname="BandTest" time="0.028"/>
  <testcase name="update_updatesBandName_true" classname="BandTest" time="0.047"/>
  <testcase name="getName_returnsName" classname="BandTest" time="0.029"/>
  <testcase name="find_returnsBand" classname="BandTest" time="0.033"/>
  <testcase name="getVenues_returnsAllVenues_List" classname="BandTest" time="0.081"/>
  <system-out><![CDATA[]]></system-out>
  <system-err><![CDATA[]]></system-err>
</testsuite>
