<?xml version="1.0" encoding="UTF-8"?>
<testsuite name="VenueTest" tests="7" skipped="0" failures="0" errors="0" timestamp="2016-05-16T01:33:04" hostname="Liams-Air.hsd1.or.comcast.net" time="0.309">
  <properties/>
  <testcase name="save_addsToDatabase" classname="VenueTest" time="0.053"/>
  <testcase name="Venue_instantiates_Correctly" classname="VenueTest" time="0.015"/>
  <testcase name="all_returnsAllVenues" classname="VenueTest" time="0.053"/>
  <testcase name="save_assignsIdToObject" classname="VenueTest" time="0.035"/>
  <testcase name="find_returnsVenue" classname="VenueTest" time="0.041"/>
  <testcase name="getName_returnsName" classname="VenueTest" time="0.037"/>
  <testcase name="getVenues_returnsAllVenues_List" classname="VenueTest" time="0.07"/>
  <system-out><![CDATA[]]></system-out>
  <system-err><![CDATA[]]></system-err>
</testsuite>
