<?xml version="1.0" encoding="UTF-8"?>
<testsuite name="BandTest" tests="4" skipped="0" failures="0" errors="0" timestamp="2016-05-13T17:24:53" hostname="Liams-MacBook-Air.local" time="0.415">
  <properties/>
  <testcase name="Band_instantiates_Correctly" classname="BandTest" time="0.213"/>
  <testcase name="Band_allReturnsAllBands" classname="BandTest" time="0.112"/>
  <testcase name="Band_savesToDatabase" classname="BandTest" time="0.043"/>
  <testcase name="Band_getNameReturnsName" classname="BandTest" time="0.045"/>
  <system-out><![CDATA[]]></system-out>
  <system-err><![CDATA[]]></system-err>
</testsuite>
