<?xml version="1.0" encoding="UTF-8"?>
<testsuite name="VenueTest" tests="7" skipped="0" failures="0" errors="0" timestamp="2016-05-13T23:31:28" hostname="Liams-MacBook-Air.local" time="0.282">
  <properties/>
  <testcase name="save_addsToDatabase" classname="VenueTest" time="0.032"/>
  <testcase name="Venue_instantiates_Correctly" classname="VenueTest" time="0.013"/>
  <testcase name="all_returnsAllVenues" classname="VenueTest" time="0.045"/>
  <testcase name="save_assignsIdToObject" classname="VenueTest" time="0.032"/>
  <testcase name="find_returnsVenue" classname="VenueTest" time="0.035"/>
  <testcase name="getName_returnsName" classname="VenueTest" time="0.036"/>
  <testcase name="getVenues_returnsAllVenues_List" classname="VenueTest" time="0.085"/>
  <system-out><![CDATA[]]></system-out>
  <system-err><![CDATA[]]></system-err>
</testsuite>
