<?xml version="1.0" encoding="UTF-8"?>
<testsuite name="BandTest" tests="10" skipped="0" failures="0" errors="0" timestamp="2016-05-18T02:34:40" hostname="Liams-Air.hsd1.or.comcast.net" time="0.418">
  <properties/>
  <testcase name="equals_returnsTrueIfDescriptionsAretheSame" classname="BandTest" time="0.01"/>
  <testcase name="all_returnsAllBands" classname="BandTest" time="0.047"/>
  <testcase name="Band_instantiates_Correctly" classname="BandTest" time="0.011"/>
  <testcase name="addVenues_addVenuestoBand" classname="BandTest" time="0.063"/>
  <testcase name="save_addsToDatabase" classname="BandTest" time="0.034"/>
  <testcase name="delete_deletesAllTasksAndCategoriesAssociations" classname="BandTest" time="0.073"/>
  <testcase name="save_assignsIdToObject" classname="BandTest" time="0.037"/>
  <testcase name="getName_returnsName" classname="BandTest" time="0.033"/>
  <testcase name="find_returnsBand" classname="BandTest" time="0.037"/>
  <testcase name="getVenues_returnsAllVenues_List" classname="BandTest" time="0.07"/>
  <system-out><![CDATA[]]></system-out>
  <system-err><![CDATA[]]></system-err>
</testsuite>
