<?xml version="1.0" encoding="UTF-8"?>
<testsuite name="BandTest" tests="11" skipped="0" failures="0" errors="0" timestamp="2016-05-19T23:35:12" hostname="Liams-MacBook-Air.local" time="0.471">
  <properties/>
  <testcase name="equals_returnsTrueIfDescriptionsAretheSame" classname="BandTest" time="0.009"/>
  <testcase name="all_returnsAllBands" classname="BandTest" time="0.044"/>
  <testcase name="Band_instantiates_Correctly" classname="BandTest" time="0.01"/>
  <testcase name="addVenues_addVenuestoBand" classname="BandTest" time="0.077"/>
  <testcase name="save_addsToDatabase" classname="BandTest" time="0.03"/>
  <testcase name="delete_deletesAllTasksAndCategoriesAssociations" classname="BandTest" time="0.082"/>
  <testcase name="save_assignsIdToObject" classname="BandTest" time="0.033"/>
  <testcase name="update_updatesBandName_true" classname="BandTest" time="0.047"/>
  <testcase name="getName_returnsName" classname="BandTest" time="0.033"/>
  <testcase name="find_returnsBand" classname="BandTest" time="0.031"/>
  <testcase name="getVenues_returnsAllVenues_List" classname="BandTest" time="0.069"/>
  <system-out><![CDATA[]]></system-out>
  <system-err><![CDATA[]]></system-err>
</testsuite>
