<?xml version="1.0" encoding="UTF-8"?>
<testsuite name="BandTest" tests="3" skipped="0" failures="0" errors="0" timestamp="2016-05-13T17:22:55" hostname="Liams-MacBook-Air.local" time="0.379">
  <properties/>
  <testcase name="Band_instantiates_Correctly" classname="BandTest" time="0.234"/>
  <testcase name="Band_savesToDatabase" classname="BandTest" time="0.092"/>
  <testcase name="Band_getNameReturnsName" classname="BandTest" time="0.053"/>
  <system-out><![CDATA[]]></system-out>
  <system-err><![CDATA[]]></system-err>
</testsuite>
