<?xml version="1.0" encoding="UTF-8"?>
<testsuite name="VenueTest" tests="6" skipped="0" failures="0" errors="0" timestamp="2016-05-13T19:00:19" hostname="Liams-MacBook-Air.local" time="0.206">
  <properties/>
  <testcase name="save_addsToDatabase" classname="VenueTest" time="0.038"/>
  <testcase name="Venue_instantiates_Correctly" classname="VenueTest" time="0.011"/>
  <testcase name="all_returnsAllVenues" classname="VenueTest" time="0.05"/>
  <testcase name="save_assignsIdToObject" classname="VenueTest" time="0.035"/>
  <testcase name="find_returnsVenue" classname="VenueTest" time="0.038"/>
  <testcase name="getName_returnsName" classname="VenueTest" time="0.033"/>
  <system-out><![CDATA[]]></system-out>
  <system-err><![CDATA[]]></system-err>
</testsuite>
